[debug] [2023-09-06T19:03:17.496Z] ----------------------------------------------------------------------
[debug] [2023-09-06T19:03:17.498Z] Command:       C:\Program Files\nodejs\node.exe C:\Program Files\nodejs\node_modules\firebase-tools\lib\bin\firebase.js init
[debug] [2023-09-06T19:03:17.498Z] CLI Version:   12.4.8
[debug] [2023-09-06T19:03:17.498Z] Platform:      win32
[debug] [2023-09-06T19:03:17.498Z] Node Version:  v16.13.2
[debug] [2023-09-06T19:03:17.499Z] Time:          Wed Sep 06 2023 20:03:17 GMT+0100 (British Summer Time)
[debug] [2023-09-06T19:03:17.500Z] ----------------------------------------------------------------------
[debug] 
[debug] [2023-09-06T19:03:17.517Z] >>> [apiv2][query] GET https://firebase-public.firebaseio.com/cli.json [none]
[debug] [2023-09-06T19:03:17.538Z] > command requires scopes: ["email","openid","https://www.googleapis.com/auth/cloudplatformprojects.readonly","https://www.googleapis.com/auth/firebase","https://www.googleapis.com/auth/cloud-platform"]
[debug] [2023-09-06T19:03:17.538Z] > authorizing via signed-in user (trullock@gmail.com)
[info] 
     ######## #### ########  ######## ########     ###     ######  ########
     ##        ##  ##     ## ##       ##     ##  ##   ##  ##       ##
     ######    ##  ########  ######   ########  #########  ######  ######
     ##        ##  ##    ##  ##       ##     ## ##     ##       ## ##
     ##       #### ##     ## ######## ########  ##     ##  ######  ########

You're about to initialize a Firebase project in this directory:

  D:\git\hextool

[debug] [2023-09-06T19:03:17.791Z] <<< [apiv2][status] GET https://firebase-public.firebaseio.com/cli.json 200
[debug] [2023-09-06T19:03:17.792Z] <<< [apiv2][body] GET https://firebase-public.firebaseio.com/cli.json {"cloudBuildErrorAfter":1594252800000,"cloudBuildWarnAfter":1590019200000,"defaultNode10After":1594252800000,"minVersion":"3.0.5","node8DeploysDisabledAfter":1613390400000,"node8RuntimeDisabledAfter":1615809600000,"node8WarnAfter":1600128000000}
[info] 
=== Project Setup
[info] 
[info] First, let's associate this project directory with a Firebase project.
[info] You can create multiple project aliases by running firebase use --add, 
[info] but for now we'll just set up a default project.
[info] 
[debug] [2023-09-06T19:03:59.628Z] > refreshing access token with scopes: []
[debug] [2023-09-06T19:03:59.630Z] >>> [apiv2][query] POST https://www.googleapis.com/oauth2/v3/token [none]
[debug] [2023-09-06T19:03:59.630Z] >>> [apiv2][body] POST https://www.googleapis.com/oauth2/v3/token [omitted]
[debug] [2023-09-06T19:03:59.718Z] <<< [apiv2][status] POST https://www.googleapis.com/oauth2/v3/token 200
[debug] [2023-09-06T19:03:59.718Z] <<< [apiv2][body] POST https://www.googleapis.com/oauth2/v3/token [omitted]
[debug] [2023-09-06T19:03:59.744Z] >>> [apiv2][query] GET https://firebase.googleapis.com/v1beta1/projects pageSize=100
[debug] [2023-09-06T19:04:00.228Z] <<< [apiv2][status] GET https://firebase.googleapis.com/v1beta1/projects 200
[debug] [2023-09-06T19:04:00.228Z] <<< [apiv2][body] GET https://firebase.googleapis.com/v1beta1/projects [omitted]
[info] i  Using project hextools-f8a2b (hextools) 
[info] 
=== Hosting Setup
[info] 
[info] Your public directory is the folder (relative to your project directory) that
[info] will contain Hosting assets to be uploaded with firebase deploy. If you
[info] have a build process for your assets, use your build's output directory.
[info] 
[debug] [2023-09-06T19:04:16.175Z] >>> [apiv2][query] GET https://www.gstatic.com/firebasejs/releases.json [none]
[debug] [2023-09-06T19:04:16.242Z] <<< [apiv2][status] GET https://www.gstatic.com/firebasejs/releases.json 200
[debug] [2023-09-06T19:04:16.243Z] <<< [apiv2][body] GET https://www.gstatic.com/firebasejs/releases.json {"current":{"version":"10.3.1","browserURL":"https://www.gstatic.com/firebasejs/10.3.1/firebase.js","packageURL":"https://www.gstatic.com/firebasejs/10.3.1/firebase.tgz"},"live":{"version":"10.3","browserURL":"https://www.gstatic.com/firebasejs/live/10.3/firebase.js","packageURL":"https://www.gstatic.com/firebasejs/live/10.3/firebase.tgz"},"components":{"analytics":"https://www.gstatic.com/firebasejs/10.3.1/firebase-analytics.js","app":"https://www.gstatic.com/firebasejs/10.3.1/firebase-app.js","app-check":"https://www.gstatic.com/firebasejs/10.3.1/firebase-app-check.js","auth":"https://www.gstatic.com/firebasejs/10.3.1/firebase-auth.js","auth/cordova":"https://www.gstatic.com/firebasejs/10.3.1/firebase-auth/cordova.js","functions":"https://www.gstatic.com/firebasejs/10.3.1/firebase-functions.js","firestore":"https://www.gstatic.com/firebasejs/10.3.1/firebase-firestore.js","firestore/lite":"https://www.gstatic.com/firebasejs/10.3.1/firebase-firestore/lite.js","installations":"https://www.gstatic.com/firebasejs/10.3.1/firebase-installations.js","storage":"https://www.gstatic.com/firebasejs/10.3.1/firebase-storage.js","performance":"https://www.gstatic.com/firebasejs/10.3.1/firebase-performance.js","remote-config":"https://www.gstatic.com/firebasejs/10.3.1/firebase-remote-config.js","messaging":"https://www.gstatic.com/firebasejs/10.3.1/firebase-messaging.js","messaging/sw":"https://www.gstatic.com/firebasejs/10.3.1/firebase-messaging/sw.js","database":"https://www.gstatic.com/firebasejs/10.3.1/firebase-database.js","firestore.memory":"https://www.gstatic.com/firebasejs/10.3.1/firebase-firestore.memory.js"}}
[info] i  Skipping write of dist/index.html 
[info] 
[info] i  Didn't detect a .git folder. Assuming D:\git\hextool is the project root. 
[info] i  Authorizing with GitHub to upload your service account to a GitHub repository's secrets store. 
[info] 
[info] Visit this URL on this device to log in:
[info] https://github.com/login/oauth/authorize?client_id=89cf50f02ac6aaed3484&state=564771650&redirect_uri=http%3A%2F%2Flocalhost%3A9005&scope=read%3Auser%20repo%20public_repo
[info] 
[info] Waiting for authentication...
[debug] [2023-09-06T19:04:49.564Z] >>> [apiv2][query] POST https://github.com/login/oauth/access_token [none]
[debug] [2023-09-06T19:04:49.565Z] >>> [apiv2][body] POST https://github.com/login/oauth/access_token [stream]
[debug] [2023-09-06T19:04:49.809Z] <<< [apiv2][status] POST https://github.com/login/oauth/access_token 200
[debug] [2023-09-06T19:04:49.809Z] <<< [apiv2][body] POST https://github.com/login/oauth/access_token {"access_token":"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","token_type":"bearer","scope":"read:user,repo"}
[debug] [2023-09-06T19:04:49.825Z] >>> [apiv2][query] GET https://api.github.com/user [none]
[debug] [2023-09-06T19:04:50.133Z] <<< [apiv2][status] GET https://api.github.com/user 200
[debug] [2023-09-06T19:04:50.134Z] <<< [apiv2][body] GET https://api.github.com/user {"login":"trullock","id":118878,"node_id":"MDQ6VXNlcjExODg3OA==","avatar_url":"https://avatars.githubusercontent.com/u/118878?v=4","gravatar_id":"","url":"https://api.github.com/users/trullock","html_url":"https://github.com/trullock","followers_url":"https://api.github.com/users/trullock/followers","following_url":"https://api.github.com/users/trullock/following{/other_user}","gists_url":"https://api.github.com/users/trullock/gists{/gist_id}","starred_url":"https://api.github.com/users/trullock/starred{/owner}{/repo}","subscriptions_url":"https://api.github.com/users/trullock/subscriptions","organizations_url":"https://api.github.com/users/trullock/orgs","repos_url":"https://api.github.com/users/trullock/repos","events_url":"https://api.github.com/users/trullock/events{/privacy}","received_events_url":"https://api.github.com/users/trullock/received_events","type":"User","site_admin":false,"name":"Andrew Bullock","company":null,"blog":"","location":"Nottingham, UK","email":"trullock@gmail.com","hireable":null,"bio":null,"twitter_username":"trullock","public_repos":43,"public_gists":20,"followers":46,"following":3,"created_at":"2009-08-24T13:58:04Z","updated_at":"2023-08-27T20:54:33Z","private_gists":19,"total_private_repos":13,"owned_private_repos":13,"disk_usage":388264,"collaborators":1,"two_factor_authentication":true,"plan":{"name":"pro","space":976562499,"collaborators":0,"private_repos":9999}}
[info] 
[info] +  Success! Logged into GitHub as trullock 
[info] 
[debug] [2023-09-06T19:04:58.695Z] >>> [apiv2][query] GET https://api.github.com/repos/trullock/hextools/actions/secrets/public-key type=owner
[debug] [2023-09-06T19:04:58.897Z] <<< [apiv2][status] GET https://api.github.com/repos/trullock/hextools/actions/secrets/public-key 404
[debug] [2023-09-06T19:04:58.897Z] <<< [apiv2][body] GET https://api.github.com/repos/trullock/hextools/actions/secrets/public-key {"message":"Not Found","documentation_url":"https://docs.github.com/rest/actions/secrets#get-a-repository-public-key"}
[info] 
[info] 
[error] !  The provided authorization cannot be used with this repository. If this repository is in an organization, did you remember to grant access? 
[info] 
[info] i  Action required: Visit this URL to ensure access has been granted to the appropriate organization(s) for the Firebase CLI GitHub OAuth App: 
[info] https://github.com/settings/connections/applications/89cf50f02ac6aaed3484
[info] 
